{"C:\\Users\\Olivier\\Desktop\\projects\\ATLP\\mybrand-olivier\\src\\index.ts": {"path":"C:\\Users\\Olivier\\Desktop\\projects\\ATLP\\mybrand-olivier\\src\\index.ts","statementMap":{"0":{"start":{"line":1,"column":0},"end":{"line":1,"column":66}},"1":{"start":{"line":2,"column":0},"end":{"line":2,"column":32}},"2":{"start":{"line":3,"column":0},"end":{"line":3,"column":37}},"3":{"start":{"line":4,"column":0},"end":{"line":4,"column":24}},"4":{"start":{"line":5,"column":0},"end":{"line":5,"column":45}},"5":{"start":{"line":6,"column":0},"end":{"line":6,"column":52}},"6":{"start":{"line":7,"column":0},"end":{"line":7,"column":53}},"7":{"start":{"line":8,"column":19},"end":{"line":8,"column":49}},"8":{"start":{"line":9,"column":21},"end":{"line":9,"column":45}},"9":{"start":{"line":10,"column":0},"end":{"line":10,"column":26}},"10":{"start":{"line":11,"column":21},"end":{"line":11,"column":45}},"11":{"start":{"line":12,"column":18},"end":{"line":12,"column":47}},"12":{"start":{"line":13,"column":24},"end":{"line":13,"column":62}},"13":{"start":{"line":14,"column":0},"end":{"line":14,"column":28}},"14":{"start":{"line":17,"column":0},"end":{"line":17,"column":16}},"15":{"start":{"line":19,"column":13},"end":{"line":19,"column":42}},"16":{"start":{"line":20,"column":13},"end":{"line":20,"column":37}},"17":{"start":{"line":22,"column":19},"end":{"line":28,"column":null}},"18":{"start":{"line":30,"column":0},"end":{"line":30,"column":27}},"19":{"start":{"line":32,"column":0},"end":{"line":32,"column":72}},"20":{"start":{"line":34,"column":0},"end":{"line":34,"column":35}},"21":{"start":{"line":35,"column":18},"end":{"line":43,"column":null}},"22":{"start":{"line":35,"column":29},"end":{"line":43,"column":null}},"23":{"start":{"line":36,"column":2},"end":{"line":42,"column":3}},"24":{"start":{"line":37,"column":17},"end":{"line":37,"column":63}},"25":{"start":{"line":38,"column":4},"end":{"line":38,"column":62}},"26":{"start":{"line":40,"column":4},"end":{"line":40,"column":23}},"27":{"start":{"line":41,"column":4},"end":{"line":41,"column":20}},"28":{"start":{"line":46,"column":0},"end":{"line":46,"column":27}},"29":{"start":{"line":47,"column":0},"end":{"line":47,"column":24}},"30":{"start":{"line":50,"column":0},"end":{"line":52,"column":null}},"31":{"start":{"line":51,"column":4},"end":{"line":51,"column":null}},"32":{"start":{"line":54,"column":0},"end":{"line":54,"column":33}},"33":{"start":{"line":55,"column":0},"end":{"line":55,"column":31}},"34":{"start":{"line":56,"column":0},"end":{"line":56,"column":32}},"35":{"start":{"line":57,"column":0},"end":{"line":57,"column":32}},"36":{"start":{"line":60,"column":0},"end":{"line":63,"column":3}},"37":{"start":{"line":61,"column":4},"end":{"line":61,"column":21}},"38":{"start":{"line":62,"column":4},"end":{"line":62,"column":49}},"39":{"start":{"line":66,"column":0},"end":{"line":70,"column":null}},"40":{"start":{"line":67,"column":4},"end":{"line":69,"column":null}},"41":{"start":{"line":68,"column":8},"end":{"line":68,"column":46}}},"fnMap":{"0":{"name":"(anonymous_8)","decl":{"start":{"line":35,"column":18},"end":{"line":35,"column":27}},"loc":{"start":{"line":35,"column":29},"end":{"line":43,"column":null}}},"1":{"name":"(anonymous_9)","decl":{"start":{"line":35,"column":29},"end":{"line":35,"column":null}},"loc":{"start":{"line":35,"column":29},"end":{"line":43,"column":1}}},"2":{"name":"(anonymous_10)","decl":{"start":{"line":50,"column":13},"end":{"line":50,"column":14}},"loc":{"start":{"line":50,"column":26},"end":{"line":52,"column":1}}},"3":{"name":"(anonymous_11)","decl":{"start":{"line":60,"column":8},"end":{"line":60,"column":17}},"loc":{"start":{"line":60,"column":98},"end":{"line":63,"column":1}}},"4":{"name":"(anonymous_12)","decl":{"start":{"line":66,"column":17},"end":{"line":66,"column":20}},"loc":{"start":{"line":66,"column":22},"end":{"line":70,"column":1}}},"5":{"name":"(anonymous_13)","decl":{"start":{"line":67,"column":21},"end":{"line":67,"column":24}},"loc":{"start":{"line":67,"column":26},"end":{"line":69,"column":5}}}},"branchMap":{"0":{"loc":{"start":{"line":20,"column":13},"end":{"line":20,"column":37}},"type":"binary-expr","locations":[{"start":{"line":20,"column":13},"end":{"line":20,"column":29}},{"start":{"line":20,"column":33},"end":{"line":20,"column":37}}]}},"s":{"0":4,"1":4,"2":4,"3":4,"4":4,"5":4,"6":4,"7":4,"8":4,"9":4,"10":4,"11":4,"12":4,"13":4,"14":4,"15":4,"16":4,"17":4,"18":4,"19":4,"20":4,"21":4,"22":4,"23":4,"24":4,"25":4,"26":0,"27":0,"28":4,"29":4,"30":4,"31":0,"32":4,"33":4,"34":4,"35":4,"36":4,"37":0,"38":0,"39":4,"40":4,"41":4},"f":{"0":4,"1":4,"2":0,"3":0,"4":4,"5":4},"b":{"0":[4,0]}}
,"C:\\Users\\Olivier\\Desktop\\projects\\ATLP\\mybrand-olivier\\src\\controllers\\authController.ts": {"path":"C:\\Users\\Olivier\\Desktop\\projects\\ATLP\\mybrand-olivier\\src\\controllers\\authController.ts","statementMap":{"0":{"start":{"line":2,"column":13},"end":{"line":2,"column":38}},"1":{"start":{"line":3,"column":0},"end":{"line":3,"column":28}},"2":{"start":{"line":4,"column":12},"end":{"line":4,"column":35}},"3":{"start":{"line":5,"column":15},"end":{"line":5,"column":32}},"4":{"start":{"line":9,"column":0},"end":{"line":9,"column":16}},"5":{"start":{"line":12,"column":15},"end":{"line":12,"column":31}},"6":{"start":{"line":14,"column":20},"end":{"line":18,"column":1}},"7":{"start":{"line":15,"column":4},"end":{"line":17,"column":null}},"8":{"start":{"line":21,"column":0},"end":{"line":49,"column":null}},"9":{"start":{"line":21,"column":66},"end":{"line":49,"column":null}},"10":{"start":{"line":22,"column":38},"end":{"line":22,"column":46}},"11":{"start":{"line":24,"column":4},"end":{"line":47,"column":5}},"12":{"start":{"line":26,"column":30},"end":{"line":26,"column":59}},"13":{"start":{"line":27,"column":9},"end":{"line":29,"column":10}},"14":{"start":{"line":28,"column":13},"end":{"line":28,"column":76}},"15":{"start":{"line":31,"column":21},"end":{"line":31,"column":65}},"16":{"start":{"line":32,"column":8},"end":{"line":32,"column":94}},"17":{"start":{"line":37,"column":8},"end":{"line":42,"column":9}},"18":{"start":{"line":38,"column":12},"end":{"line":38,"column":64}},"19":{"start":{"line":39,"column":15},"end":{"line":42,"column":9}},"20":{"start":{"line":40,"column":12},"end":{"line":40,"column":61}},"21":{"start":{"line":41,"column":12},"end":{"line":41,"column":19}},"22":{"start":{"line":44,"column":8},"end":{"line":44,"column":25}},"23":{"start":{"line":45,"column":8},"end":{"line":45,"column":56}},"24":{"start":{"line":51,"column":0},"end":{"line":86,"column":null}},"25":{"start":{"line":51,"column":65},"end":{"line":86,"column":null}},"26":{"start":{"line":52,"column":32},"end":{"line":52,"column":40}},"27":{"start":{"line":55,"column":4},"end":{"line":57,"column":5}},"28":{"start":{"line":56,"column":8},"end":{"line":56,"column":83}},"29":{"start":{"line":59,"column":4},"end":{"line":85,"column":5}},"30":{"start":{"line":61,"column":21},"end":{"line":61,"column":50}},"31":{"start":{"line":62,"column":29},"end":{"line":62,"column":42}},"32":{"start":{"line":65,"column":8},"end":{"line":81,"column":9}},"33":{"start":{"line":67,"column":25},"end":{"line":67,"column":69}},"34":{"start":{"line":69,"column":12},"end":{"line":77,"column":13}},"35":{"start":{"line":70,"column":30},"end":{"line":70,"column":62}},"36":{"start":{"line":72,"column":16},"end":{"line":72,"column":84}},"37":{"start":{"line":73,"column":16},"end":{"line":73,"column":116}},"38":{"start":{"line":76,"column":16},"end":{"line":76,"column":117}},"39":{"start":{"line":80,"column":12},"end":{"line":80,"column":113}},"40":{"start":{"line":83,"column":8},"end":{"line":83,"column":29}},"41":{"start":{"line":84,"column":8},"end":{"line":84,"column":86}},"42":{"start":{"line":89,"column":0},"end":{"line":92,"column":null}},"43":{"start":{"line":90,"column":4},"end":{"line":90,"column":41}},"44":{"start":{"line":91,"column":4},"end":{"line":91,"column":null}},"45":{"start":{"line":95,"column":0},"end":{"line":102,"column":null}},"46":{"start":{"line":95,"column":64},"end":{"line":102,"column":null}},"47":{"start":{"line":96,"column":4},"end":{"line":101,"column":5}},"48":{"start":{"line":97,"column":22},"end":{"line":97,"column":54}},"49":{"start":{"line":98,"column":8},"end":{"line":98,"column":24}},"50":{"start":{"line":100,"column":8},"end":{"line":100,"column":68}},"51":{"start":{"line":104,"column":0},"end":{"line":123,"column":null}},"52":{"start":{"line":104,"column":69},"end":{"line":123,"column":null}},"53":{"start":{"line":105,"column":19},"end":{"line":105,"column":36}},"54":{"start":{"line":107,"column":4},"end":{"line":122,"column":5}},"55":{"start":{"line":108,"column":21},"end":{"line":108,"column":48}},"56":{"start":{"line":110,"column":8},"end":{"line":112,"column":9}},"57":{"start":{"line":111,"column":12},"end":{"line":111,"column":96}},"58":{"start":{"line":114,"column":28},"end":{"line":114,"column":70}},"59":{"start":{"line":116,"column":8},"end":{"line":116,"column":68}},"60":{"start":{"line":118,"column":8},"end":{"line":118,"column":76}},"61":{"start":{"line":120,"column":8},"end":{"line":120,"column":58}},"62":{"start":{"line":121,"column":8},"end":{"line":121,"column":67}},"63":{"start":{"line":125,"column":0},"end":{"line":133,"column":null}},"64":{"start":{"line":125,"column":65},"end":{"line":133,"column":null}},"65":{"start":{"line":126,"column":19},"end":{"line":126,"column":36}},"66":{"start":{"line":127,"column":4},"end":{"line":132,"column":5}},"67":{"start":{"line":128,"column":28},"end":{"line":128,"column":84}},"68":{"start":{"line":129,"column":8},"end":{"line":129,"column":30}},"69":{"start":{"line":131,"column":8},"end":{"line":131,"column":51}}},"fnMap":{"0":{"name":"(anonymous_8)","decl":{"start":{"line":14,"column":20},"end":{"line":14,"column":21}},"loc":{"start":{"line":14,"column":42},"end":{"line":18,"column":1}}},"1":{"name":"(anonymous_9)","decl":{"start":{"line":21,"column":29},"end":{"line":21,"column":35}},"loc":{"start":{"line":21,"column":66},"end":{"line":49,"column":null}}},"2":{"name":"(anonymous_10)","decl":{"start":{"line":21,"column":66},"end":{"line":21,"column":null}},"loc":{"start":{"line":21,"column":66},"end":{"line":49,"column":1}}},"3":{"name":"(anonymous_11)","decl":{"start":{"line":51,"column":28},"end":{"line":51,"column":34}},"loc":{"start":{"line":51,"column":65},"end":{"line":86,"column":null}}},"4":{"name":"(anonymous_12)","decl":{"start":{"line":51,"column":65},"end":{"line":51,"column":null}},"loc":{"start":{"line":51,"column":65},"end":{"line":86,"column":1}}},"5":{"name":"(anonymous_13)","decl":{"start":{"line":89,"column":24},"end":{"line":89,"column":25}},"loc":{"start":{"line":89,"column":56},"end":{"line":92,"column":1}}},"6":{"name":"(anonymous_14)","decl":{"start":{"line":95,"column":26},"end":{"line":95,"column":33}},"loc":{"start":{"line":95,"column":64},"end":{"line":102,"column":null}}},"7":{"name":"(anonymous_15)","decl":{"start":{"line":95,"column":64},"end":{"line":95,"column":null}},"loc":{"start":{"line":95,"column":64},"end":{"line":102,"column":1}}},"8":{"name":"(anonymous_16)","decl":{"start":{"line":104,"column":32},"end":{"line":104,"column":38}},"loc":{"start":{"line":104,"column":69},"end":{"line":123,"column":null}}},"9":{"name":"(anonymous_17)","decl":{"start":{"line":104,"column":69},"end":{"line":104,"column":null}},"loc":{"start":{"line":104,"column":69},"end":{"line":123,"column":1}}},"10":{"name":"(anonymous_18)","decl":{"start":{"line":125,"column":28},"end":{"line":125,"column":34}},"loc":{"start":{"line":125,"column":65},"end":{"line":133,"column":null}}},"11":{"name":"(anonymous_19)","decl":{"start":{"line":125,"column":65},"end":{"line":125,"column":null}},"loc":{"start":{"line":125,"column":65},"end":{"line":133,"column":1}}}},"branchMap":{"0":{"loc":{"start":{"line":27,"column":9},"end":{"line":29,"column":10}},"type":"if","locations":[{"start":{"line":27,"column":9},"end":{"line":29,"column":10}}]},"1":{"loc":{"start":{"line":37,"column":8},"end":{"line":42,"column":9}},"type":"if","locations":[{"start":{"line":37,"column":8},"end":{"line":42,"column":9}},{"start":{"line":39,"column":15},"end":{"line":42,"column":9}}]},"2":{"loc":{"start":{"line":39,"column":15},"end":{"line":42,"column":9}},"type":"if","locations":[{"start":{"line":39,"column":15},"end":{"line":42,"column":9}}]},"3":{"loc":{"start":{"line":39,"column":20},"end":{"line":39,"column":45}},"type":"binary-expr","locations":[{"start":{"line":39,"column":20},"end":{"line":39,"column":23}},{"start":{"line":39,"column":27},"end":{"line":39,"column":45}}]},"4":{"loc":{"start":{"line":55,"column":4},"end":{"line":57,"column":5}},"type":"if","locations":[{"start":{"line":55,"column":4},"end":{"line":57,"column":5}}]},"5":{"loc":{"start":{"line":55,"column":8},"end":{"line":55,"column":27}},"type":"binary-expr","locations":[{"start":{"line":55,"column":8},"end":{"line":55,"column":14}},{"start":{"line":55,"column":18},"end":{"line":55,"column":27}}]},"6":{"loc":{"start":{"line":65,"column":8},"end":{"line":81,"column":9}},"type":"if","locations":[{"start":{"line":65,"column":8},"end":{"line":81,"column":9}},{"start":{"line":79,"column":15},"end":{"line":81,"column":9}}]},"7":{"loc":{"start":{"line":69,"column":12},"end":{"line":77,"column":13}},"type":"if","locations":[{"start":{"line":69,"column":12},"end":{"line":77,"column":13}},{"start":{"line":74,"column":18},"end":{"line":77,"column":13}}]},"8":{"loc":{"start":{"line":110,"column":8},"end":{"line":112,"column":9}},"type":"if","locations":[{"start":{"line":110,"column":8},"end":{"line":112,"column":9}}]},"9":{"loc":{"start":{"line":114,"column":28},"end":{"line":114,"column":70}},"type":"cond-expr","locations":[{"start":{"line":114,"column":54},"end":{"line":114,"column":60}},{"start":{"line":114,"column":63},"end":{"line":114,"column":70}}]}},"s":{"0":4,"1":4,"2":4,"3":4,"4":4,"5":4,"6":4,"7":12,"8":4,"9":1,"10":1,"11":1,"12":1,"13":1,"14":0,"15":1,"16":1,"17":0,"18":0,"19":0,"20":0,"21":0,"22":0,"23":0,"24":4,"25":12,"26":12,"27":12,"28":0,"29":12,"30":12,"31":12,"32":12,"33":12,"34":12,"35":12,"36":12,"37":12,"38":0,"39":0,"40":0,"41":0,"42":4,"43":1,"44":1,"45":4,"46":1,"47":1,"48":1,"49":1,"50":0,"51":4,"52":1,"53":1,"54":1,"55":1,"56":1,"57":0,"58":1,"59":1,"60":1,"61":0,"62":0,"63":4,"64":1,"65":1,"66":1,"67":1,"68":1,"69":0},"f":{"0":12,"1":1,"2":1,"3":12,"4":12,"5":1,"6":1,"7":1,"8":1,"9":1,"10":1,"11":1},"b":{"0":[0],"1":[0,0],"2":[0],"3":[0,0],"4":[0],"5":[12,12],"6":[12,0],"7":[12,0],"8":[0],"9":[0,1]}}
,"C:\\Users\\Olivier\\Desktop\\projects\\ATLP\\mybrand-olivier\\src\\controllers\\commentController.ts": {"path":"C:\\Users\\Olivier\\Desktop\\projects\\ATLP\\mybrand-olivier\\src\\controllers\\commentController.ts","statementMap":{"0":{"start":{"line":2,"column":0},"end":{"line":2,"column":41}},"1":{"start":{"line":3,"column":0},"end":{"line":3,"column":35}},"2":{"start":{"line":6,"column":29},"end":{"line":30,"column":2}},"3":{"start":{"line":6,"column":67},"end":{"line":30,"column":2}},"4":{"start":{"line":7,"column":4},"end":{"line":29,"column":5}},"5":{"start":{"line":8,"column":27},"end":{"line":8,"column":37}},"6":{"start":{"line":9,"column":34},"end":{"line":9,"column":42}},"7":{"start":{"line":11,"column":21},"end":{"line":11,"column":48}},"8":{"start":{"line":12,"column":8},"end":{"line":14,"column":9}},"9":{"start":{"line":13,"column":12},"end":{"line":13,"column":71}},"10":{"start":{"line":18,"column":27},"end":{"line":18,"column":80}},"11":{"start":{"line":21,"column":8},"end":{"line":21,"column":39}},"12":{"start":{"line":23,"column":8},"end":{"line":23,"column":26}},"13":{"start":{"line":25,"column":8},"end":{"line":25,"column":41}},"14":{"start":{"line":27,"column":8},"end":{"line":27,"column":56}},"15":{"start":{"line":28,"column":8},"end":{"line":28,"column":67}},"16":{"start":{"line":6,"column":13},"end":{"line":6,"column":29}},"17":{"start":{"line":33,"column":35},"end":{"line":47,"column":2}},"18":{"start":{"line":33,"column":73},"end":{"line":47,"column":2}},"19":{"start":{"line":34,"column":4},"end":{"line":46,"column":5}},"20":{"start":{"line":35,"column":27},"end":{"line":35,"column":37}},"21":{"start":{"line":37,"column":25},"end":{"line":37,"column":61}},"22":{"start":{"line":38,"column":8},"end":{"line":40,"column":9}},"23":{"start":{"line":39,"column":12},"end":{"line":39,"column":88}},"24":{"start":{"line":42,"column":8},"end":{"line":42,"column":39}},"25":{"start":{"line":44,"column":8},"end":{"line":44,"column":57}},"26":{"start":{"line":45,"column":8},"end":{"line":45,"column":67}},"27":{"start":{"line":33,"column":13},"end":{"line":33,"column":35}},"28":{"start":{"line":50,"column":37},"end":{"line":79,"column":null}},"29":{"start":{"line":50,"column":75},"end":{"line":79,"column":null}},"30":{"start":{"line":51,"column":4},"end":{"line":78,"column":5}},"31":{"start":{"line":52,"column":38},"end":{"line":52,"column":48}},"32":{"start":{"line":55,"column":24},"end":{"line":55,"column":66}},"33":{"start":{"line":57,"column":8},"end":{"line":59,"column":9}},"34":{"start":{"line":58,"column":12},"end":{"line":58,"column":74}},"35":{"start":{"line":62,"column":21},"end":{"line":62,"column":48}},"36":{"start":{"line":64,"column":8},"end":{"line":66,"column":9}},"37":{"start":{"line":65,"column":12},"end":{"line":65,"column":71}},"38":{"start":{"line":69,"column":8},"end":{"line":69,"column":90}},"39":{"start":{"line":69,"column":56},"end":{"line":69,"column":88}},"40":{"start":{"line":72,"column":8},"end":{"line":72,"column":26}},"41":{"start":{"line":74,"column":8},"end":{"line":74,"column":38}},"42":{"start":{"line":76,"column":8},"end":{"line":76,"column":56}},"43":{"start":{"line":77,"column":8},"end":{"line":77,"column":67}},"44":{"start":{"line":50,"column":13},"end":{"line":50,"column":37}}},"fnMap":{"0":{"name":"(anonymous_8)","decl":{"start":{"line":6,"column":29},"end":{"line":6,"column":36}},"loc":{"start":{"line":6,"column":67},"end":{"line":30,"column":2}}},"1":{"name":"(anonymous_9)","decl":{"start":{"line":6,"column":67},"end":{"line":6,"column":null}},"loc":{"start":{"line":6,"column":67},"end":{"line":30,"column":1}}},"2":{"name":"(anonymous_10)","decl":{"start":{"line":33,"column":35},"end":{"line":33,"column":42}},"loc":{"start":{"line":33,"column":73},"end":{"line":47,"column":2}}},"3":{"name":"(anonymous_11)","decl":{"start":{"line":33,"column":73},"end":{"line":33,"column":null}},"loc":{"start":{"line":33,"column":73},"end":{"line":47,"column":1}}},"4":{"name":"(anonymous_12)","decl":{"start":{"line":50,"column":37},"end":{"line":50,"column":44}},"loc":{"start":{"line":50,"column":75},"end":{"line":79,"column":null}}},"5":{"name":"(anonymous_13)","decl":{"start":{"line":50,"column":75},"end":{"line":50,"column":null}},"loc":{"start":{"line":50,"column":75},"end":{"line":79,"column":1}}},"6":{"name":"(anonymous_14)","decl":{"start":{"line":69,"column":45},"end":{"line":69,"column":52}},"loc":{"start":{"line":69,"column":56},"end":{"line":69,"column":88}}}},"branchMap":{"0":{"loc":{"start":{"line":12,"column":8},"end":{"line":14,"column":9}},"type":"if","locations":[{"start":{"line":12,"column":8},"end":{"line":14,"column":9}}]},"1":{"loc":{"start":{"line":38,"column":8},"end":{"line":40,"column":9}},"type":"if","locations":[{"start":{"line":38,"column":8},"end":{"line":40,"column":9}}]},"2":{"loc":{"start":{"line":57,"column":8},"end":{"line":59,"column":9}},"type":"if","locations":[{"start":{"line":57,"column":8},"end":{"line":59,"column":9}}]},"3":{"loc":{"start":{"line":64,"column":8},"end":{"line":66,"column":9}},"type":"if","locations":[{"start":{"line":64,"column":8},"end":{"line":66,"column":9}}]}},"s":{"0":4,"1":4,"2":4,"3":1,"4":1,"5":1,"6":1,"7":1,"8":1,"9":0,"10":1,"11":1,"12":1,"13":1,"14":0,"15":0,"16":4,"17":4,"18":1,"19":1,"20":1,"21":1,"22":1,"23":0,"24":1,"25":0,"26":0,"27":4,"28":4,"29":1,"30":1,"31":1,"32":1,"33":1,"34":0,"35":1,"36":1,"37":0,"38":1,"39":1,"40":1,"41":1,"42":0,"43":0,"44":4},"f":{"0":1,"1":1,"2":1,"3":1,"4":1,"5":1,"6":1},"b":{"0":[0],"1":[0],"2":[0],"3":[0]}}
,"C:\\Users\\Olivier\\Desktop\\projects\\ATLP\\mybrand-olivier\\src\\controllers\\likesController.ts": {"path":"C:\\Users\\Olivier\\Desktop\\projects\\ATLP\\mybrand-olivier\\src\\controllers\\likesController.ts","statementMap":{"0":{"start":{"line":2,"column":0},"end":{"line":2,"column":39}},"1":{"start":{"line":3,"column":0},"end":{"line":3,"column":35}},"2":{"start":{"line":4,"column":12},"end":{"line":4,"column":35}},"3":{"start":{"line":5,"column":0},"end":{"line":5,"column":28}},"4":{"start":{"line":9,"column":0},"end":{"line":9,"column":16}},"5":{"start":{"line":11,"column":24},"end":{"line":64,"column":null}},"6":{"start":{"line":11,"column":60},"end":{"line":64,"column":null}},"7":{"start":{"line":13,"column":4},"end":{"line":62,"column":5}},"8":{"start":{"line":14,"column":27},"end":{"line":14,"column":37}},"9":{"start":{"line":15,"column":22},"end":{"line":15,"column":37}},"10":{"start":{"line":17,"column":8},"end":{"line":19,"column":9}},"11":{"start":{"line":18,"column":12},"end":{"line":18,"column":84}},"12":{"start":{"line":21,"column":29},"end":{"line":21,"column":70}},"13":{"start":{"line":23,"column":23},"end":{"line":23,"column":38}},"14":{"start":{"line":25,"column":21},"end":{"line":25,"column":48}},"15":{"start":{"line":27,"column":8},"end":{"line":29,"column":9}},"16":{"start":{"line":28,"column":12},"end":{"line":28,"column":71}},"17":{"start":{"line":32,"column":29},"end":{"line":32,"column":67}},"18":{"start":{"line":34,"column":8},"end":{"line":54,"column":9}},"19":{"start":{"line":36,"column":13},"end":{"line":36,"column":44}},"20":{"start":{"line":39,"column":13},"end":{"line":39,"column":80}},"21":{"start":{"line":39,"column":52},"end":{"line":39,"column":78}},"22":{"start":{"line":41,"column":13},"end":{"line":41,"column":31}},"23":{"start":{"line":43,"column":13},"end":{"line":43,"column":83}},"24":{"start":{"line":46,"column":28},"end":{"line":46,"column":65}},"25":{"start":{"line":49,"column":12},"end":{"line":49,"column":36}},"26":{"start":{"line":51,"column":12},"end":{"line":51,"column":30}},"27":{"start":{"line":53,"column":12},"end":{"line":53,"column":80}},"28":{"start":{"line":57,"column":8},"end":{"line":59,"column":9}},"29":{"start":{"line":58,"column":12},"end":{"line":58,"column":70}},"30":{"start":{"line":60,"column":8},"end":{"line":60,"column":51}},"31":{"start":{"line":61,"column":8},"end":{"line":61,"column":74}},"32":{"start":{"line":11,"column":13},"end":{"line":11,"column":24}}},"fnMap":{"0":{"name":"(anonymous_8)","decl":{"start":{"line":11,"column":24},"end":{"line":11,"column":31}},"loc":{"start":{"line":11,"column":60},"end":{"line":64,"column":null}}},"1":{"name":"(anonymous_9)","decl":{"start":{"line":11,"column":60},"end":{"line":11,"column":null}},"loc":{"start":{"line":11,"column":60},"end":{"line":64,"column":1}}},"2":{"name":"(anonymous_10)","decl":{"start":{"line":39,"column":44},"end":{"line":39,"column":48}},"loc":{"start":{"line":39,"column":52},"end":{"line":39,"column":78}}}},"branchMap":{"0":{"loc":{"start":{"line":17,"column":8},"end":{"line":19,"column":9}},"type":"if","locations":[{"start":{"line":17,"column":8},"end":{"line":19,"column":9}}]},"1":{"loc":{"start":{"line":27,"column":8},"end":{"line":29,"column":9}},"type":"if","locations":[{"start":{"line":27,"column":8},"end":{"line":29,"column":9}}]},"2":{"loc":{"start":{"line":34,"column":8},"end":{"line":54,"column":9}},"type":"if","locations":[{"start":{"line":34,"column":8},"end":{"line":54,"column":9}},{"start":{"line":44,"column":15},"end":{"line":54,"column":9}}]},"3":{"loc":{"start":{"line":57,"column":8},"end":{"line":59,"column":9}},"type":"if","locations":[{"start":{"line":57,"column":8},"end":{"line":59,"column":9}}]}},"s":{"0":4,"1":4,"2":4,"3":4,"4":4,"5":4,"6":2,"7":2,"8":2,"9":2,"10":2,"11":0,"12":2,"13":2,"14":2,"15":2,"16":0,"17":2,"18":2,"19":1,"20":1,"21":1,"22":1,"23":1,"24":1,"25":1,"26":1,"27":1,"28":0,"29":0,"30":0,"31":0,"32":4},"f":{"0":2,"1":2,"2":1},"b":{"0":[0],"1":[0],"2":[1,1],"3":[0]}}
,"C:\\Users\\Olivier\\Desktop\\projects\\ATLP\\mybrand-olivier\\src\\middleware\\authmiddleware.ts": {"path":"C:\\Users\\Olivier\\Desktop\\projects\\ATLP\\mybrand-olivier\\src\\middleware\\authmiddleware.ts","statementMap":{"0":{"start":{"line":2,"column":12},"end":{"line":2,"column":35}},"1":{"start":{"line":3,"column":0},"end":{"line":3,"column":28}},"2":{"start":{"line":7,"column":0},"end":{"line":7,"column":16}},"3":{"start":{"line":9,"column":20},"end":{"line":35,"column":1}},"4":{"start":{"line":11,"column":19},"end":{"line":11,"column":34}},"5":{"start":{"line":13,"column":23},"end":{"line":13,"column":51}},"6":{"start":{"line":14,"column":16},"end":{"line":14,"column":54}},"7":{"start":{"line":16,"column":4},"end":{"line":16,"column":37}},"8":{"start":{"line":21,"column":4},"end":{"line":34,"column":5}},"9":{"start":{"line":22,"column":8},"end":{"line":30,"column":null}},"10":{"start":{"line":23,"column":12},"end":{"line":29,"column":13}},"11":{"start":{"line":24,"column":16},"end":{"line":24,"column":41}},"12":{"start":{"line":28,"column":16},"end":{"line":28,"column":23}},"13":{"start":{"line":33,"column":8},"end":{"line":33,"column":72}},"14":{"start":{"line":39,"column":16},"end":{"line":70,"column":1}},"15":{"start":{"line":41,"column":19},"end":{"line":41,"column":34}},"16":{"start":{"line":43,"column":23},"end":{"line":43,"column":51}},"17":{"start":{"line":44,"column":16},"end":{"line":44,"column":54}},"18":{"start":{"line":46,"column":4},"end":{"line":46,"column":37}},"19":{"start":{"line":49,"column":4},"end":{"line":69,"column":5}},"20":{"start":{"line":51,"column":8},"end":{"line":65,"column":11}},"21":{"start":{"line":52,"column":12},"end":{"line":64,"column":13}},"22":{"start":{"line":54,"column":16},"end":{"line":54,"column":110}},"23":{"start":{"line":57,"column":16},"end":{"line":63,"column":17}},"24":{"start":{"line":59,"column":20},"end":{"line":59,"column":27}},"25":{"start":{"line":62,"column":20},"end":{"line":62,"column":114}},"26":{"start":{"line":68,"column":8},"end":{"line":68,"column":102}},"27":{"start":{"line":73,"column":0},"end":{"line":73,"column":42}}},"fnMap":{"0":{"name":"(anonymous_1)","decl":{"start":{"line":9,"column":20},"end":{"line":9,"column":21}},"loc":{"start":{"line":9,"column":81},"end":{"line":35,"column":1}}},"1":{"name":"(anonymous_2)","decl":{"start":{"line":22,"column":51},"end":{"line":22,"column":52}},"loc":{"start":{"line":22,"column":83},"end":{"line":30,"column":9}}},"2":{"name":"(anonymous_3)","decl":{"start":{"line":39,"column":16},"end":{"line":39,"column":17}},"loc":{"start":{"line":39,"column":77},"end":{"line":70,"column":1}}},"3":{"name":"(anonymous_4)","decl":{"start":{"line":51,"column":50},"end":{"line":51,"column":51}},"loc":{"start":{"line":51,"column":82},"end":{"line":65,"column":9}}}},"branchMap":{"0":{"loc":{"start":{"line":14,"column":16},"end":{"line":14,"column":54}},"type":"binary-expr","locations":[{"start":{"line":14,"column":16},"end":{"line":14,"column":26}},{"start":{"line":14,"column":30},"end":{"line":14,"column":54}}]},"1":{"loc":{"start":{"line":16,"column":12},"end":{"line":16,"column":36}},"type":"cond-expr","locations":[{"start":{"line":16,"column":22},"end":{"line":16,"column":27}},{"start":{"line":16,"column":30},"end":{"line":16,"column":36}}]},"2":{"loc":{"start":{"line":21,"column":4},"end":{"line":34,"column":5}},"type":"if","locations":[{"start":{"line":21,"column":4},"end":{"line":34,"column":5}},{"start":{"line":32,"column":8},"end":{"line":34,"column":5}}]},"3":{"loc":{"start":{"line":23,"column":12},"end":{"line":29,"column":13}},"type":"if","locations":[{"start":{"line":23,"column":12},"end":{"line":29,"column":13}},{"start":{"line":26,"column":18},"end":{"line":29,"column":13}}]},"4":{"loc":{"start":{"line":44,"column":16},"end":{"line":44,"column":54}},"type":"binary-expr","locations":[{"start":{"line":44,"column":16},"end":{"line":44,"column":26}},{"start":{"line":44,"column":30},"end":{"line":44,"column":54}}]},"5":{"loc":{"start":{"line":46,"column":12},"end":{"line":46,"column":36}},"type":"cond-expr","locations":[{"start":{"line":46,"column":22},"end":{"line":46,"column":27}},{"start":{"line":46,"column":30},"end":{"line":46,"column":36}}]},"6":{"loc":{"start":{"line":49,"column":4},"end":{"line":69,"column":5}},"type":"if","locations":[{"start":{"line":49,"column":4},"end":{"line":69,"column":5}},{"start":{"line":66,"column":11},"end":{"line":69,"column":5}}]},"7":{"loc":{"start":{"line":52,"column":12},"end":{"line":64,"column":13}},"type":"if","locations":[{"start":{"line":52,"column":12},"end":{"line":64,"column":13}},{"start":{"line":55,"column":19},"end":{"line":64,"column":13}}]},"8":{"loc":{"start":{"line":57,"column":16},"end":{"line":63,"column":17}},"type":"if","locations":[{"start":{"line":57,"column":16},"end":{"line":63,"column":17}},{"start":{"line":60,"column":23},"end":{"line":63,"column":17}}]}},"s":{"0":4,"1":4,"2":4,"3":4,"4":12,"5":12,"6":12,"7":12,"8":12,"9":9,"10":9,"11":0,"12":9,"13":3,"14":4,"15":9,"16":9,"17":9,"18":9,"19":9,"20":9,"21":9,"22":0,"23":9,"24":9,"25":0,"26":0,"27":4},"f":{"0":12,"1":9,"2":9,"3":9},"b":{"0":[12,0],"1":[0,12],"2":[9,3],"3":[0,9],"4":[9,0],"5":[0,9],"6":[9,0],"7":[0,9],"8":[9,0]}}
,"C:\\Users\\Olivier\\Desktop\\projects\\ATLP\\mybrand-olivier\\src\\middleware\\schemaValidator.ts": {"path":"C:\\Users\\Olivier\\Desktop\\projects\\ATLP\\mybrand-olivier\\src\\middleware\\schemaValidator.ts","statementMap":{"0":{"start":{"line":2,"column":0},"end":{"line":2,"column":49}},"1":{"start":{"line":22,"column":25},"end":{"line":22,"column":59}},"2":{"start":{"line":24,"column":26},"end":{"line":28,"column":2}},"3":{"start":{"line":30,"column":24},"end":{"line":70,"column":1}},"4":{"start":{"line":31,"column":17},"end":{"line":31,"column":30}},"5":{"start":{"line":33,"column":2},"end":{"line":35,"column":3}},"6":{"start":{"line":34,"column":4},"end":{"line":34,"column":58}},"7":{"start":{"line":37,"column":2},"end":{"line":69,"column":4}},"8":{"start":{"line":38,"column":19},"end":{"line":38,"column":43}},"9":{"start":{"line":40,"column":4},"end":{"line":42,"column":5}},"10":{"start":{"line":41,"column":6},"end":{"line":41,"column":20}},"11":{"start":{"line":44,"column":29},"end":{"line":44,"column":73}},"12":{"start":{"line":46,"column":4},"end":{"line":64,"column":5}},"13":{"start":{"line":47,"column":39},"end":{"line":50,"column":8}},"14":{"start":{"line":52,"column":33},"end":{"line":61,"column":8}},"15":{"start":{"line":56,"column":78},"end":{"line":59,"column":12}},"16":{"start":{"line":63,"column":6},"end":{"line":63,"column":72}},"17":{"start":{"line":67,"column":4},"end":{"line":67,"column":21}},"18":{"start":{"line":68,"column":4},"end":{"line":68,"column":18}},"19":{"start":{"line":72,"column":0},"end":{"line":72,"column":31}}},"fnMap":{"0":{"name":"(anonymous_1)","decl":{"start":{"line":30,"column":24},"end":{"line":30,"column":25}},"loc":{"start":{"line":30,"column":77},"end":{"line":70,"column":1}}},"1":{"name":"(anonymous_2)","decl":{"start":{"line":37,"column":9},"end":{"line":37,"column":10}},"loc":{"start":{"line":37,"column":28},"end":{"line":69,"column":3}}},"2":{"name":"(anonymous_3)","decl":{"start":{"line":56,"column":37},"end":{"line":56,"column":38}},"loc":{"start":{"line":56,"column":78},"end":{"line":59,"column":12}}}},"branchMap":{"0":{"loc":{"start":{"line":30,"column":39},"end":{"line":30,"column":57}},"type":"default-arg","locations":[{"start":{"line":30,"column":53},"end":{"line":30,"column":57}}]},"1":{"loc":{"start":{"line":33,"column":2},"end":{"line":35,"column":3}},"type":"if","locations":[{"start":{"line":33,"column":2},"end":{"line":35,"column":3}}]},"2":{"loc":{"start":{"line":40,"column":4},"end":{"line":42,"column":5}},"type":"if","locations":[{"start":{"line":40,"column":4},"end":{"line":42,"column":5}}]},"3":{"loc":{"start":{"line":46,"column":4},"end":{"line":64,"column":5}},"type":"if","locations":[{"start":{"line":46,"column":4},"end":{"line":64,"column":5}}]},"4":{"loc":{"start":{"line":63,"column":34},"end":{"line":63,"column":70}},"type":"cond-expr","locations":[{"start":{"line":63,"column":48},"end":{"line":63,"column":56}},{"start":{"line":63,"column":59},"end":{"line":63,"column":70}}]}},"s":{"0":4,"1":4,"2":4,"3":4,"4":16,"5":16,"6":0,"7":16,"8":16,"9":16,"10":0,"11":16,"12":16,"13":0,"14":0,"15":0,"16":0,"17":16,"18":16,"19":4},"f":{"0":16,"1":16,"2":0},"b":{"0":[16],"1":[0],"2":[0],"3":[0],"4":[0,0]}}
,"C:\\Users\\Olivier\\Desktop\\projects\\ATLP\\mybrand-olivier\\src\\models\\blogs.ts": {"path":"C:\\Users\\Olivier\\Desktop\\projects\\ATLP\\mybrand-olivier\\src\\models\\blogs.ts","statementMap":{"0":{"start":{"line":1,"column":0},"end":{"line":1,"column":32}},"1":{"start":{"line":3,"column":19},"end":{"line":40,"column":2}},"2":{"start":{"line":44,"column":13},"end":{"line":44,"column":47}},"3":{"start":{"line":45,"column":0},"end":{"line":45,"column":20}}},"fnMap":{},"branchMap":{},"s":{"0":4,"1":4,"2":4,"3":4},"f":{},"b":{}}
,"C:\\Users\\Olivier\\Desktop\\projects\\ATLP\\mybrand-olivier\\src\\models\\comments.ts": {"path":"C:\\Users\\Olivier\\Desktop\\projects\\ATLP\\mybrand-olivier\\src\\models\\comments.ts","statementMap":{"0":{"start":{"line":1,"column":17},"end":{"line":1,"column":36}},"1":{"start":{"line":3,"column":22},"end":{"line":16,"column":2}},"2":{"start":{"line":19,"column":16},"end":{"line":19,"column":56}},"3":{"start":{"line":20,"column":0},"end":{"line":20,"column":23}}},"fnMap":{},"branchMap":{},"s":{"0":4,"1":4,"2":4,"3":4},"f":{},"b":{}}
,"C:\\Users\\Olivier\\Desktop\\projects\\ATLP\\mybrand-olivier\\src\\models\\likes.ts": {"path":"C:\\Users\\Olivier\\Desktop\\projects\\ATLP\\mybrand-olivier\\src\\models\\likes.ts","statementMap":{"0":{"start":{"line":1,"column":0},"end":{"line":1,"column":32}},"1":{"start":{"line":3,"column":19},"end":{"line":18,"column":2}},"2":{"start":{"line":20,"column":13},"end":{"line":20,"column":55}}},"fnMap":{},"branchMap":{},"s":{"0":4,"1":4,"2":4},"f":{},"b":{}}
,"C:\\Users\\Olivier\\Desktop\\projects\\ATLP\\mybrand-olivier\\src\\models\\user.ts": {"path":"C:\\Users\\Olivier\\Desktop\\projects\\ATLP\\mybrand-olivier\\src\\models\\user.ts","statementMap":{"0":{"start":{"line":1,"column":17},"end":{"line":1,"column":36}},"1":{"start":{"line":2,"column":20},"end":{"line":2,"column":40}},"2":{"start":{"line":3,"column":15},"end":{"line":3,"column":32}},"3":{"start":{"line":10,"column":19},"end":{"line":27,"column":2}},"4":{"start":{"line":39,"column":0},"end":{"line":43,"column":3}},"5":{"start":{"line":40,"column":17},"end":{"line":40,"column":39}},"6":{"start":{"line":41,"column":4},"end":{"line":41,"column":59}},"7":{"start":{"line":42,"column":4},"end":{"line":42,"column":11}},"8":{"start":{"line":47,"column":0},"end":{"line":59,"column":null}},"9":{"start":{"line":48,"column":17},"end":{"line":48,"column":46}},"10":{"start":{"line":50,"column":4},"end":{"line":57,"column":5}},"11":{"start":{"line":51,"column":21},"end":{"line":51,"column":66}},"12":{"start":{"line":53,"column":8},"end":{"line":55,"column":9}},"13":{"start":{"line":54,"column":12},"end":{"line":54,"column":24}},"14":{"start":{"line":56,"column":8},"end":{"line":56,"column":43}},"15":{"start":{"line":58,"column":4},"end":{"line":58,"column":null}},"16":{"start":{"line":62,"column":13},"end":{"line":62,"column":47}},"17":{"start":{"line":64,"column":0},"end":{"line":64,"column":22}}},"fnMap":{"0":{"name":"(anonymous_7)","decl":{"start":{"line":39,"column":23},"end":{"line":39,"column":58}},"loc":{"start":{"line":39,"column":85},"end":{"line":43,"column":2}}},"1":{"name":"(anonymous_9)","decl":{"start":{"line":47,"column":27},"end":{"line":47,"column":43}},"loc":{"start":{"line":47,"column":74},"end":{"line":59,"column":null}}}},"branchMap":{"0":{"loc":{"start":{"line":50,"column":4},"end":{"line":57,"column":5}},"type":"if","locations":[{"start":{"line":50,"column":4},"end":{"line":57,"column":5}}]},"1":{"loc":{"start":{"line":53,"column":8},"end":{"line":55,"column":9}},"type":"if","locations":[{"start":{"line":53,"column":8},"end":{"line":55,"column":9}}]}},"s":{"0":4,"1":4,"2":4,"3":4,"4":4,"5":2,"6":2,"7":2,"8":4,"9":0,"10":0,"11":0,"12":0,"13":0,"14":0,"15":0,"16":4,"17":4},"f":{"0":2,"1":0},"b":{"0":[0],"1":[0]}}
,"C:\\Users\\Olivier\\Desktop\\projects\\ATLP\\mybrand-olivier\\src\\models\\usermessages.ts": {"path":"C:\\Users\\Olivier\\Desktop\\projects\\ATLP\\mybrand-olivier\\src\\models\\usermessages.ts","statementMap":{"0":{"start":{"line":1,"column":0},"end":{"line":1,"column":32}},"1":{"start":{"line":3,"column":23},"end":{"line":20,"column":2}},"2":{"start":{"line":24,"column":16},"end":{"line":24,"column":57}},"3":{"start":{"line":25,"column":0},"end":{"line":25,"column":23}}},"fnMap":{},"branchMap":{},"s":{"0":4,"1":4,"2":4,"3":4},"f":{},"b":{}}
,"C:\\Users\\Olivier\\Desktop\\projects\\ATLP\\mybrand-olivier\\src\\routes\\authRoutes.ts": {"path":"C:\\Users\\Olivier\\Desktop\\projects\\ATLP\\mybrand-olivier\\src\\routes\\authRoutes.ts","statementMap":{"0":{"start":{"line":1,"column":0},"end":{"line":1,"column":52}},"1":{"start":{"line":2,"column":23},"end":{"line":2,"column":63}},"2":{"start":{"line":3,"column":33},"end":{"line":3,"column":72}},"3":{"start":{"line":4,"column":0},"end":{"line":4,"column":60}},"4":{"start":{"line":6,"column":15},"end":{"line":6,"column":23}},"5":{"start":{"line":9,"column":0},"end":{"line":16,"column":2}},"6":{"start":{"line":14,"column":6},"end":{"line":14,"column":42}},"7":{"start":{"line":20,"column":0},"end":{"line":27,"column":2}},"8":{"start":{"line":25,"column":6},"end":{"line":25,"column":48}},"9":{"start":{"line":30,"column":0},"end":{"line":30,"column":46}},"10":{"start":{"line":33,"column":0},"end":{"line":33,"column":68}},"11":{"start":{"line":36,"column":0},"end":{"line":36,"column":82}},"12":{"start":{"line":39,"column":0},"end":{"line":39,"column":81}},"13":{"start":{"line":41,"column":0},"end":{"line":41,"column":24}}},"fnMap":{"0":{"name":"(anonymous_1)","decl":{"start":{"line":13,"column":4},"end":{"line":13,"column":5}},"loc":{"start":{"line":13,"column":36},"end":{"line":15,"column":5}}},"1":{"name":"(anonymous_2)","decl":{"start":{"line":24,"column":4},"end":{"line":24,"column":5}},"loc":{"start":{"line":24,"column":36},"end":{"line":26,"column":5}}}},"branchMap":{},"s":{"0":4,"1":4,"2":4,"3":4,"4":4,"5":4,"6":0,"7":4,"8":0,"9":4,"10":4,"11":4,"12":4,"13":4},"f":{"0":0,"1":0},"b":{}}
,"C:\\Users\\Olivier\\Desktop\\projects\\ATLP\\mybrand-olivier\\src\\routes\\blogRoutes.ts": {"path":"C:\\Users\\Olivier\\Desktop\\projects\\ATLP\\mybrand-olivier\\src\\routes\\blogRoutes.ts","statementMap":{"0":{"start":{"line":1,"column":0},"end":{"line":1,"column":67}},"1":{"start":{"line":2,"column":0},"end":{"line":2,"column":35}},"2":{"start":{"line":3,"column":0},"end":{"line":3,"column":41}},"3":{"start":{"line":4,"column":0},"end":{"line":4,"column":37}},"4":{"start":{"line":5,"column":33},"end":{"line":5,"column":72}},"5":{"start":{"line":6,"column":0},"end":{"line":6,"column":60}},"6":{"start":{"line":8,"column":15},"end":{"line":8,"column":31}},"7":{"start":{"line":12,"column":0},"end":{"line":19,"column":3}},"8":{"start":{"line":12,"column":79},"end":{"line":19,"column":2}},"9":{"start":{"line":13,"column":4},"end":{"line":18,"column":5}},"10":{"start":{"line":14,"column":22},"end":{"line":14,"column":62}},"11":{"start":{"line":15,"column":8},"end":{"line":15,"column":24}},"12":{"start":{"line":17,"column":8},"end":{"line":17,"column":18}},"13":{"start":{"line":23,"column":0},"end":{"line":37,"column":3}},"14":{"start":{"line":23,"column":83},"end":{"line":37,"column":2}},"15":{"start":{"line":24,"column":4},"end":{"line":36,"column":5}},"16":{"start":{"line":26,"column":21},"end":{"line":26,"column":76}},"17":{"start":{"line":28,"column":8},"end":{"line":31,"column":9}},"18":{"start":{"line":30,"column":12},"end":{"line":30,"column":58}},"19":{"start":{"line":33,"column":8},"end":{"line":33,"column":23}},"20":{"start":{"line":35,"column":8},"end":{"line":35,"column":18}},"21":{"start":{"line":40,"column":0},"end":{"line":48,"column":3}},"22":{"start":{"line":40,"column":142},"end":{"line":48,"column":2}},"23":{"start":{"line":41,"column":4},"end":{"line":47,"column":5}},"24":{"start":{"line":42,"column":21},"end":{"line":42,"column":48}},"25":{"start":{"line":43,"column":8},"end":{"line":43,"column":23}},"26":{"start":{"line":45,"column":8},"end":{"line":45,"column":51}},"27":{"start":{"line":46,"column":8},"end":{"line":46,"column":18}},"28":{"start":{"line":52,"column":0},"end":{"line":65,"column":3}},"29":{"start":{"line":52,"column":105},"end":{"line":65,"column":2}},"30":{"start":{"line":53,"column":4},"end":{"line":64,"column":5}},"31":{"start":{"line":54,"column":8},"end":{"line":54,"column":71}},"32":{"start":{"line":55,"column":28},"end":{"line":55,"column":70}},"33":{"start":{"line":57,"column":8},"end":{"line":59,"column":9}},"34":{"start":{"line":58,"column":12},"end":{"line":58,"column":58}},"35":{"start":{"line":61,"column":8},"end":{"line":61,"column":30}},"36":{"start":{"line":63,"column":8},"end":{"line":63,"column":18}},"37":{"start":{"line":68,"column":0},"end":{"line":77,"column":3}},"38":{"start":{"line":68,"column":108},"end":{"line":77,"column":2}},"39":{"start":{"line":69,"column":4},"end":{"line":76,"column":5}},"40":{"start":{"line":70,"column":28},"end":{"line":70,"column":80}},"41":{"start":{"line":71,"column":28},"end":{"line":71,"column":76}},"42":{"start":{"line":72,"column":31},"end":{"line":72,"column":80}},"43":{"start":{"line":73,"column":8},"end":{"line":73,"column":30}},"44":{"start":{"line":75,"column":8},"end":{"line":75,"column":18}},"45":{"start":{"line":79,"column":0},"end":{"line":79,"column":22}}},"fnMap":{"0":{"name":"(anonymous_8)","decl":{"start":{"line":12,"column":21},"end":{"line":12,"column":28}},"loc":{"start":{"line":12,"column":79},"end":{"line":19,"column":2}}},"1":{"name":"(anonymous_9)","decl":{"start":{"line":12,"column":79},"end":{"line":12,"column":null}},"loc":{"start":{"line":12,"column":79},"end":{"line":19,"column":1}}},"2":{"name":"(anonymous_10)","decl":{"start":{"line":23,"column":25},"end":{"line":23,"column":32}},"loc":{"start":{"line":23,"column":83},"end":{"line":37,"column":2}}},"3":{"name":"(anonymous_11)","decl":{"start":{"line":23,"column":83},"end":{"line":23,"column":null}},"loc":{"start":{"line":23,"column":83},"end":{"line":37,"column":1}}},"4":{"name":"(anonymous_12)","decl":{"start":{"line":40,"column":84},"end":{"line":40,"column":91}},"loc":{"start":{"line":40,"column":142},"end":{"line":48,"column":2}}},"5":{"name":"(anonymous_13)","decl":{"start":{"line":40,"column":142},"end":{"line":40,"column":null}},"loc":{"start":{"line":40,"column":142},"end":{"line":48,"column":1}}},"6":{"name":"(anonymous_14)","decl":{"start":{"line":52,"column":47},"end":{"line":52,"column":54}},"loc":{"start":{"line":52,"column":105},"end":{"line":65,"column":2}}},"7":{"name":"(anonymous_15)","decl":{"start":{"line":52,"column":105},"end":{"line":52,"column":null}},"loc":{"start":{"line":52,"column":105},"end":{"line":65,"column":1}}},"8":{"name":"(anonymous_16)","decl":{"start":{"line":68,"column":50},"end":{"line":68,"column":57}},"loc":{"start":{"line":68,"column":108},"end":{"line":77,"column":2}}},"9":{"name":"(anonymous_17)","decl":{"start":{"line":68,"column":108},"end":{"line":68,"column":null}},"loc":{"start":{"line":68,"column":108},"end":{"line":77,"column":1}}}},"branchMap":{"0":{"loc":{"start":{"line":28,"column":8},"end":{"line":31,"column":9}},"type":"if","locations":[{"start":{"line":28,"column":8},"end":{"line":31,"column":9}}]},"1":{"loc":{"start":{"line":57,"column":8},"end":{"line":59,"column":9}},"type":"if","locations":[{"start":{"line":57,"column":8},"end":{"line":59,"column":9}}]}},"s":{"0":4,"1":4,"2":4,"3":4,"4":4,"5":4,"6":4,"7":4,"8":1,"9":1,"10":1,"11":1,"12":0,"13":4,"14":2,"15":2,"16":2,"17":2,"18":1,"19":1,"20":0,"21":4,"22":1,"23":1,"24":1,"25":1,"26":0,"27":0,"28":4,"29":1,"30":1,"31":1,"32":1,"33":1,"34":0,"35":1,"36":0,"37":4,"38":1,"39":1,"40":1,"41":1,"42":1,"43":1,"44":0,"45":4},"f":{"0":1,"1":1,"2":2,"3":2,"4":1,"5":1,"6":1,"7":1,"8":1,"9":1},"b":{"0":[1],"1":[0]}}
,"C:\\Users\\Olivier\\Desktop\\projects\\ATLP\\mybrand-olivier\\src\\routes\\commentsRoutes.ts": {"path":"C:\\Users\\Olivier\\Desktop\\projects\\ATLP\\mybrand-olivier\\src\\routes\\commentsRoutes.ts","statementMap":{"0":{"start":{"line":1,"column":0},"end":{"line":1,"column":30}},"1":{"start":{"line":2,"column":0},"end":{"line":2,"column":109}},"2":{"start":{"line":3,"column":0},"end":{"line":3,"column":58}},"3":{"start":{"line":4,"column":33},"end":{"line":4,"column":72}},"4":{"start":{"line":6,"column":15},"end":{"line":6,"column":31}},"5":{"start":{"line":9,"column":0},"end":{"line":9,"column":54}},"6":{"start":{"line":12,"column":0},"end":{"line":12,"column":59}},"7":{"start":{"line":15,"column":0},"end":{"line":15,"column":88}},"8":{"start":{"line":19,"column":0},"end":{"line":19,"column":45}},"9":{"start":{"line":22,"column":0},"end":{"line":22,"column":22}}},"fnMap":{},"branchMap":{},"s":{"0":4,"1":4,"2":4,"3":4,"4":4,"5":4,"6":4,"7":4,"8":4,"9":4},"f":{},"b":{}}
,"C:\\Users\\Olivier\\Desktop\\projects\\ATLP\\mybrand-olivier\\src\\routes\\messagesRoutes.ts": {"path":"C:\\Users\\Olivier\\Desktop\\projects\\ATLP\\mybrand-olivier\\src\\routes\\messagesRoutes.ts","statementMap":{"0":{"start":{"line":1,"column":0},"end":{"line":1,"column":67}},"1":{"start":{"line":2,"column":0},"end":{"line":2,"column":45}},"2":{"start":{"line":3,"column":33},"end":{"line":3,"column":72}},"3":{"start":{"line":4,"column":0},"end":{"line":4,"column":60}},"4":{"start":{"line":6,"column":15},"end":{"line":6,"column":31}},"5":{"start":{"line":9,"column":0},"end":{"line":16,"column":3}},"6":{"start":{"line":9,"column":109},"end":{"line":16,"column":2}},"7":{"start":{"line":10,"column":4},"end":{"line":15,"column":5}},"8":{"start":{"line":11,"column":25},"end":{"line":11,"column":47}},"9":{"start":{"line":12,"column":8},"end":{"line":12,"column":27}},"10":{"start":{"line":14,"column":8},"end":{"line":14,"column":18}},"11":{"start":{"line":18,"column":0},"end":{"line":21,"column":3}},"12":{"start":{"line":20,"column":8},"end":{"line":20,"column":72}},"13":{"start":{"line":24,"column":0},"end":{"line":31,"column":3}},"14":{"start":{"line":24,"column":115},"end":{"line":31,"column":2}},"15":{"start":{"line":25,"column":4},"end":{"line":30,"column":5}},"16":{"start":{"line":26,"column":25},"end":{"line":26,"column":55}},"17":{"start":{"line":27,"column":8},"end":{"line":27,"column":27}},"18":{"start":{"line":29,"column":8},"end":{"line":29,"column":18}},"19":{"start":{"line":34,"column":0},"end":{"line":41,"column":3}},"20":{"start":{"line":34,"column":115},"end":{"line":41,"column":2}},"21":{"start":{"line":35,"column":4},"end":{"line":40,"column":5}},"22":{"start":{"line":36,"column":31},"end":{"line":36,"column":86}},"23":{"start":{"line":37,"column":8},"end":{"line":37,"column":33}},"24":{"start":{"line":39,"column":8},"end":{"line":39,"column":18}},"25":{"start":{"line":43,"column":0},"end":{"line":43,"column":22}}},"fnMap":{"0":{"name":"(anonymous_8)","decl":{"start":{"line":9,"column":51},"end":{"line":9,"column":58}},"loc":{"start":{"line":9,"column":109},"end":{"line":16,"column":2}}},"1":{"name":"(anonymous_9)","decl":{"start":{"line":9,"column":109},"end":{"line":9,"column":null}},"loc":{"start":{"line":9,"column":109},"end":{"line":16,"column":1}}},"2":{"name":"(anonymous_10)","decl":{"start":{"line":18,"column":11},"end":{"line":18,"column":12}},"loc":{"start":{"line":18,"column":73},"end":{"line":21,"column":1}}},"3":{"name":"(anonymous_11)","decl":{"start":{"line":24,"column":57},"end":{"line":24,"column":64}},"loc":{"start":{"line":24,"column":115},"end":{"line":31,"column":2}}},"4":{"name":"(anonymous_12)","decl":{"start":{"line":24,"column":115},"end":{"line":24,"column":null}},"loc":{"start":{"line":24,"column":115},"end":{"line":31,"column":1}}},"5":{"name":"(anonymous_13)","decl":{"start":{"line":34,"column":57},"end":{"line":34,"column":64}},"loc":{"start":{"line":34,"column":115},"end":{"line":41,"column":2}}},"6":{"name":"(anonymous_14)","decl":{"start":{"line":34,"column":115},"end":{"line":34,"column":null}},"loc":{"start":{"line":34,"column":115},"end":{"line":41,"column":1}}}},"branchMap":{},"s":{"0":4,"1":4,"2":4,"3":4,"4":4,"5":4,"6":1,"7":1,"8":1,"9":1,"10":0,"11":4,"12":0,"13":4,"14":1,"15":1,"16":1,"17":1,"18":0,"19":4,"20":1,"21":1,"22":1,"23":1,"24":0,"25":4},"f":{"0":1,"1":1,"2":0,"3":1,"4":1,"5":1,"6":1},"b":{}}
,"C:\\Users\\Olivier\\Desktop\\projects\\ATLP\\mybrand-olivier\\src\\validations\\validations.ts": {"path":"C:\\Users\\Olivier\\Desktop\\projects\\ATLP\\mybrand-olivier\\src\\validations\\validations.ts","statementMap":{"0":{"start":{"line":1,"column":0},"end":{"line":1,"column":40}},"1":{"start":{"line":3,"column":19},"end":{"line":6,"column":2}},"2":{"start":{"line":8,"column":18},"end":{"line":11,"column":2}},"3":{"start":{"line":13,"column":24},"end":{"line":20,"column":2}},"4":{"start":{"line":22,"column":27},"end":{"line":26,"column":2}},"5":{"start":{"line":29,"column":0},"end":{"line":34,"column":37}}},"fnMap":{},"branchMap":{},"s":{"0":4,"1":4,"2":4,"3":4,"4":4,"5":4},"f":{},"b":{}}
}
