TN:
SF:src\index.ts
FN:35,(anonymous_8)
FN:35,(anonymous_9)
FN:50,(anonymous_10)
FN:60,(anonymous_11)
FN:66,(anonymous_12)
FN:67,(anonymous_13)
FNF:6
FNH:4
FNDA:4,(anonymous_8)
FNDA:4,(anonymous_9)
FNDA:0,(anonymous_10)
FNDA:0,(anonymous_11)
FNDA:4,(anonymous_12)
FNDA:4,(anonymous_13)
DA:1,4
DA:2,4
DA:3,4
DA:4,4
DA:5,4
DA:6,4
DA:7,4
DA:8,4
DA:9,4
DA:10,4
DA:11,4
DA:12,4
DA:13,4
DA:14,4
DA:17,4
DA:19,4
DA:20,4
DA:22,4
DA:30,4
DA:32,4
DA:34,4
DA:35,4
DA:36,4
DA:37,4
DA:38,4
DA:40,0
DA:41,0
DA:46,4
DA:47,4
DA:50,4
DA:51,0
DA:54,4
DA:55,4
DA:56,4
DA:57,4
DA:60,4
DA:61,0
DA:62,0
DA:66,4
DA:67,4
DA:68,4
LF:41
LH:36
BRDA:20,0,0,4
BRDA:20,0,1,0
BRF:2
BRH:1
end_of_record
TN:
SF:src\controllers\authController.ts
FN:14,(anonymous_8)
FN:21,(anonymous_9)
FN:21,(anonymous_10)
FN:51,(anonymous_11)
FN:51,(anonymous_12)
FN:89,(anonymous_13)
FN:95,(anonymous_14)
FN:95,(anonymous_15)
FN:104,(anonymous_16)
FN:104,(anonymous_17)
FN:126,(anonymous_18)
FN:126,(anonymous_19)
FNF:12
FNH:12
FNDA:12,(anonymous_8)
FNDA:1,(anonymous_9)
FNDA:1,(anonymous_10)
FNDA:12,(anonymous_11)
FNDA:12,(anonymous_12)
FNDA:1,(anonymous_13)
FNDA:1,(anonymous_14)
FNDA:1,(anonymous_15)
FNDA:1,(anonymous_16)
FNDA:1,(anonymous_17)
FNDA:1,(anonymous_18)
FNDA:1,(anonymous_19)
DA:2,4
DA:3,4
DA:4,4
DA:5,4
DA:9,4
DA:12,4
DA:14,4
DA:15,12
DA:21,4
DA:22,1
DA:24,1
DA:26,1
DA:27,1
DA:28,0
DA:31,1
DA:32,1
DA:37,0
DA:38,0
DA:39,0
DA:40,0
DA:41,0
DA:44,0
DA:45,0
DA:51,12
DA:52,12
DA:55,12
DA:56,0
DA:59,12
DA:61,12
DA:62,12
DA:65,12
DA:67,12
DA:69,12
DA:70,12
DA:72,12
DA:73,12
DA:76,0
DA:80,0
DA:83,0
DA:84,0
DA:89,4
DA:90,1
DA:91,1
DA:95,4
DA:96,1
DA:97,1
DA:98,1
DA:100,0
DA:104,4
DA:105,1
DA:107,1
DA:108,1
DA:110,1
DA:111,0
DA:114,1
DA:116,1
DA:117,1
DA:119,1
DA:121,0
DA:122,0
DA:126,4
DA:127,1
DA:128,1
DA:129,1
DA:130,1
DA:131,1
DA:133,0
LF:67
LH:49
BRDA:27,0,0,0
BRDA:37,1,0,0
BRDA:37,1,1,0
BRDA:39,2,0,0
BRDA:39,3,0,0
BRDA:39,3,1,0
BRDA:55,4,0,0
BRDA:55,5,0,12
BRDA:55,5,1,12
BRDA:65,6,0,12
BRDA:65,6,1,0
BRDA:69,7,0,12
BRDA:69,7,1,0
BRDA:110,8,0,0
BRDA:114,9,0,0
BRDA:114,9,1,1
BRF:16
BRH:5
end_of_record
TN:
SF:src\controllers\commentController.ts
FN:6,(anonymous_8)
FN:6,(anonymous_9)
FN:33,(anonymous_10)
FN:33,(anonymous_11)
FN:50,(anonymous_12)
FN:50,(anonymous_13)
FN:69,(anonymous_14)
FNF:7
FNH:7
FNDA:1,(anonymous_8)
FNDA:1,(anonymous_9)
FNDA:1,(anonymous_10)
FNDA:1,(anonymous_11)
FNDA:1,(anonymous_12)
FNDA:1,(anonymous_13)
FNDA:1,(anonymous_14)
DA:2,4
DA:3,4
DA:6,4
DA:7,1
DA:8,1
DA:9,1
DA:11,1
DA:12,1
DA:13,0
DA:18,1
DA:21,1
DA:23,1
DA:25,1
DA:27,0
DA:28,0
DA:33,4
DA:34,1
DA:35,1
DA:37,1
DA:38,1
DA:39,0
DA:42,1
DA:44,0
DA:45,0
DA:50,4
DA:51,1
DA:52,1
DA:55,1
DA:57,1
DA:58,0
DA:62,1
DA:64,1
DA:65,0
DA:69,1
DA:72,1
DA:74,1
DA:76,0
DA:77,0
LF:38
LH:28
BRDA:12,0,0,0
BRDA:38,1,0,0
BRDA:57,2,0,0
BRDA:64,3,0,0
BRF:4
BRH:0
end_of_record
TN:
SF:src\controllers\likesController.ts
FN:11,(anonymous_8)
FN:11,(anonymous_9)
FN:45,(anonymous_10)
FNF:3
FNH:3
FNDA:2,(anonymous_8)
FNDA:2,(anonymous_9)
FNDA:1,(anonymous_10)
DA:2,4
DA:3,4
DA:4,4
DA:5,4
DA:9,4
DA:11,4
DA:13,2
DA:14,2
DA:16,2
DA:18,2
DA:19,2
DA:21,2
DA:23,2
DA:24,0
DA:27,2
DA:29,2
DA:31,2
DA:33,2
DA:34,0
DA:38,2
DA:40,2
DA:42,1
DA:45,1
DA:47,1
DA:49,1
DA:52,1
DA:55,1
DA:57,1
DA:59,1
DA:63,0
DA:64,0
DA:66,0
DA:67,0
LF:33
LH:27
BRDA:19,0,0,2
BRDA:19,0,1,0
BRDA:21,1,0,0
BRDA:21,1,1,2
BRDA:23,2,0,0
BRDA:33,3,0,0
BRDA:40,4,0,1
BRDA:40,4,1,1
BRDA:63,5,0,0
BRF:9
BRH:4
end_of_record
TN:
SF:src\middleware\authmiddleware.ts
FN:9,(anonymous_1)
FN:22,(anonymous_2)
FN:39,(anonymous_3)
FN:51,(anonymous_4)
FNF:4
FNH:4
FNDA:12,(anonymous_1)
FNDA:9,(anonymous_2)
FNDA:9,(anonymous_3)
FNDA:9,(anonymous_4)
DA:2,4
DA:3,4
DA:7,4
DA:9,4
DA:11,12
DA:13,12
DA:14,12
DA:16,12
DA:21,12
DA:22,9
DA:23,9
DA:24,0
DA:28,9
DA:33,3
DA:39,4
DA:41,9
DA:43,9
DA:44,9
DA:46,9
DA:49,9
DA:51,9
DA:52,9
DA:54,0
DA:57,9
DA:59,9
DA:62,0
DA:68,0
DA:73,4
LF:28
LH:24
BRDA:14,0,0,12
BRDA:14,0,1,0
BRDA:16,1,0,0
BRDA:16,1,1,12
BRDA:21,2,0,9
BRDA:21,2,1,3
BRDA:23,3,0,0
BRDA:23,3,1,9
BRDA:44,4,0,9
BRDA:44,4,1,0
BRDA:46,5,0,0
BRDA:46,5,1,9
BRDA:49,6,0,9
BRDA:49,6,1,0
BRDA:52,7,0,0
BRDA:52,7,1,9
BRDA:57,8,0,9
BRDA:57,8,1,0
BRF:18
BRH:10
end_of_record
TN:
SF:src\middleware\schemaValidator.ts
FN:30,(anonymous_1)
FN:37,(anonymous_2)
FN:56,(anonymous_3)
FNF:3
FNH:2
FNDA:16,(anonymous_1)
FNDA:16,(anonymous_2)
FNDA:0,(anonymous_3)
DA:2,4
DA:22,4
DA:24,4
DA:30,4
DA:31,16
DA:33,16
DA:34,0
DA:37,16
DA:38,16
DA:40,16
DA:41,0
DA:44,16
DA:46,16
DA:47,0
DA:52,0
DA:56,0
DA:63,0
DA:67,16
DA:68,16
DA:72,4
LF:20
LH:14
BRDA:30,0,0,16
BRDA:33,1,0,0
BRDA:40,2,0,0
BRDA:46,3,0,0
BRDA:63,4,0,0
BRDA:63,4,1,0
BRF:6
BRH:1
end_of_record
TN:
SF:src\models\blogs.ts
FNF:0
FNH:0
DA:1,4
DA:3,4
DA:44,4
DA:45,4
LF:4
LH:4
BRF:0
BRH:0
end_of_record
TN:
SF:src\models\comments.ts
FNF:0
FNH:0
DA:1,4
DA:3,4
DA:19,4
DA:20,4
LF:4
LH:4
BRF:0
BRH:0
end_of_record
TN:
SF:src\models\likes.ts
FNF:0
FNH:0
DA:1,4
DA:3,4
DA:20,4
LF:3
LH:3
BRF:0
BRH:0
end_of_record
TN:
SF:src\models\user.ts
FN:39,(anonymous_7)
FN:47,(anonymous_9)
FNF:2
FNH:1
FNDA:2,(anonymous_7)
FNDA:0,(anonymous_9)
DA:1,4
DA:2,4
DA:3,4
DA:10,4
DA:39,4
DA:40,2
DA:41,2
DA:42,2
DA:47,4
DA:48,0
DA:50,0
DA:51,0
DA:53,0
DA:54,0
DA:56,0
DA:58,0
DA:62,4
DA:64,4
LF:18
LH:11
BRDA:50,0,0,0
BRDA:53,1,0,0
BRF:2
BRH:0
end_of_record
TN:
SF:src\models\usermessages.ts
FNF:0
FNH:0
DA:1,4
DA:3,4
DA:24,4
DA:25,4
LF:4
LH:4
BRF:0
BRH:0
end_of_record
TN:
SF:src\routes\authRoutes.ts
FN:13,(anonymous_1)
FN:24,(anonymous_2)
FNF:2
FNH:0
FNDA:0,(anonymous_1)
FNDA:0,(anonymous_2)
DA:1,4
DA:2,4
DA:3,4
DA:4,4
DA:6,4
DA:9,4
DA:14,0
DA:20,4
DA:25,0
DA:30,4
DA:33,4
DA:36,4
DA:39,4
DA:41,4
LF:14
LH:12
BRF:0
BRH:0
end_of_record
TN:
SF:src\routes\blogRoutes.ts
FN:12,(anonymous_8)
FN:12,(anonymous_9)
FN:23,(anonymous_10)
FN:23,(anonymous_11)
FN:40,(anonymous_12)
FN:40,(anonymous_13)
FN:52,(anonymous_14)
FN:52,(anonymous_15)
FN:68,(anonymous_16)
FN:68,(anonymous_17)
FNF:10
FNH:10
FNDA:1,(anonymous_8)
FNDA:1,(anonymous_9)
FNDA:2,(anonymous_10)
FNDA:2,(anonymous_11)
FNDA:1,(anonymous_12)
FNDA:1,(anonymous_13)
FNDA:1,(anonymous_14)
FNDA:1,(anonymous_15)
FNDA:1,(anonymous_16)
FNDA:1,(anonymous_17)
DA:1,4
DA:2,4
DA:3,4
DA:4,4
DA:5,4
DA:6,4
DA:8,4
DA:12,4
DA:13,1
DA:14,1
DA:15,1
DA:17,0
DA:23,4
DA:24,2
DA:26,2
DA:28,2
DA:30,1
DA:33,1
DA:35,0
DA:40,4
DA:41,1
DA:42,1
DA:43,1
DA:45,0
DA:46,0
DA:52,4
DA:53,1
DA:54,1
DA:55,1
DA:57,1
DA:58,0
DA:61,1
DA:63,0
DA:68,4
DA:69,1
DA:70,1
DA:71,1
DA:72,1
DA:73,1
DA:75,0
DA:79,4
LF:41
LH:34
BRDA:28,0,0,1
BRDA:57,1,0,0
BRF:2
BRH:1
end_of_record
TN:
SF:src\routes\commentsRoutes.ts
FNF:0
FNH:0
DA:1,4
DA:2,4
DA:3,4
DA:4,4
DA:6,4
DA:9,4
DA:12,4
DA:15,4
DA:19,4
DA:22,4
LF:10
LH:10
BRF:0
BRH:0
end_of_record
TN:
SF:src\routes\messagesRoutes.ts
FN:9,(anonymous_8)
FN:9,(anonymous_9)
FN:18,(anonymous_10)
FN:24,(anonymous_11)
FN:24,(anonymous_12)
FN:34,(anonymous_13)
FN:34,(anonymous_14)
FNF:7
FNH:6
FNDA:1,(anonymous_8)
FNDA:1,(anonymous_9)
FNDA:0,(anonymous_10)
FNDA:1,(anonymous_11)
FNDA:1,(anonymous_12)
FNDA:1,(anonymous_13)
FNDA:1,(anonymous_14)
DA:1,4
DA:2,4
DA:3,4
DA:4,4
DA:6,4
DA:9,4
DA:10,1
DA:11,1
DA:12,1
DA:14,0
DA:18,4
DA:20,0
DA:24,4
DA:25,1
DA:26,1
DA:27,1
DA:29,0
DA:34,4
DA:35,1
DA:36,1
DA:37,1
DA:39,0
DA:43,4
LF:23
LH:19
BRF:0
BRH:0
end_of_record
TN:
SF:src\validations\validations.ts
FNF:0
FNH:0
DA:1,4
DA:3,4
DA:8,4
DA:13,4
DA:22,4
DA:29,4
LF:6
LH:6
BRF:0
BRH:0
end_of_record
